
D, [2013-10-17T00:14:53.651497 #19096] DEBUG -- :   [1m[36m (137.0ms)[0m  [1mSELECT COUNT(*) FROM `users`[0m
D, [2013-10-17T00:17:07.525154 #23460] DEBUG -- :   [1m[36m (12.0ms)[0m  [1mSELECT COUNT(*) FROM `users`[0m
D, [2013-10-17T00:17:50.928637 #23676] DEBUG -- :   [1m[36mSQL (10.0ms)[0m  [1mBEGIN[0m
D, [2013-10-17T00:17:51.063645 #23676] DEBUG -- :   [1m[35mSQL (81.0ms)[0m  INSERT INTO `users` (`age`, `name`) VALUES (?, ?)  [["age", 12], ["name", "tony"]]
D, [2013-10-17T00:17:51.064645 #23676] DEBUG -- :   [1m[36m (1.0ms)[0m  [1mCOMMIT[0m
D, [2013-10-17T00:17:51.065645 #23676] DEBUG -- :   [1m[35m (0.0ms)[0m  SELECT COUNT(*) FROM `users`
D, [2013-10-17T00:18:42.785603 #13968] DEBUG -- :   [1m[36mSQL (10.0ms)[0m  [1mBEGIN[0m
D, [2013-10-17T00:18:42.816605 #13968] DEBUG -- :   [1m[35mSQL (17.0ms)[0m  INSERT INTO `users` (`age`, `name`) VALUES (?, ?)  [["age", 12], ["name", "tony"]]
D, [2013-10-17T00:18:42.817605 #13968] DEBUG -- :   [1m[36m (1.0ms)[0m  [1mCOMMIT[0m
D, [2013-10-17T00:18:42.818605 #13968] DEBUG -- :   [1m[35m (1.0ms)[0m  SELECT COUNT(*) FROM `users`
D, [2013-10-17T00:23:09.697869 #24400] DEBUG -- :   [1m[36mSQL (13.0ms)[0m  [1mBEGIN[0m
D, [2013-10-17T00:23:09.724871 #24400] DEBUG -- :   [1m[35mSQL (8.0ms)[0m  INSERT INTO `users` (`age`, `name`) VALUES (?, ?)  [["age", 10], ["name", "candy"]]
D, [2013-10-17T00:23:09.726871 #24400] DEBUG -- :   [1m[36m (0.0ms)[0m  [1mCOMMIT[0m
D, [2013-10-17T00:23:09.727871 #24400] DEBUG -- :   [1m[35m (0.0ms)[0m  SELECT COUNT(*) FROM `users`
D, [2013-10-17T00:24:03.659956 #19128] DEBUG -- :   [1m[36mSQL (9.0ms)[0m  [1mBEGIN[0m
D, [2013-10-17T00:24:03.698958 #19128] DEBUG -- :   [1m[35mSQL (25.0ms)[0m  INSERT INTO `users` (`age`, `name`) VALUES (?, ?)  [["age", 10], ["name", "candy"]]
D, [2013-10-17T00:24:03.699958 #19128] DEBUG -- :   [1m[36m (0.0ms)[0m  [1mCOMMIT[0m
D, [2013-10-17T00:24:03.699958 #19128] DEBUG -- :   [1m[35mSQL (0.0ms)[0m  BEGIN
D, [2013-10-17T00:24:03.782963 #19128] DEBUG -- :   [1m[36mSQL (82.0ms)[0m  [1mDELETE FROM `users` WHERE `users`.`id` = ?[0m  [["id", 4]]
D, [2013-10-17T00:24:03.783963 #19128] DEBUG -- :   [1m[35m (0.0ms)[0m  COMMIT
D, [2013-10-17T00:24:03.784963 #19128] DEBUG -- :   [1m[36m (0.0ms)[0m  [1mSELECT COUNT(*) FROM `users`[0m
D, [2013-10-17T00:25:53.112216 #20804] DEBUG -- :   [1m[36mSQL (17.0ms)[0m  [1mBEGIN[0m
D, [2013-10-17T00:25:53.152219 #20804] DEBUG -- :   [1m[35mSQL (15.0ms)[0m  INSERT INTO `users` (`age`, `name`) VALUES (?, ?)  [["age", 10], ["name", "candy"]]
D, [2013-10-17T00:25:53.153219 #20804] DEBUG -- :   [1m[36m (0.0ms)[0m  [1mCOMMIT[0m
D, [2013-10-17T00:25:53.153219 #20804] DEBUG -- :   [1m[35mSQL (0.0ms)[0m  BEGIN
D, [2013-10-17T00:25:53.155219 #20804] DEBUG -- :   [1m[36mSQL (1.0ms)[0m  [1mDELETE FROM `users` WHERE `users`.`id` = ?[0m  [["id", 5]]
D, [2013-10-17T00:25:53.156219 #20804] DEBUG -- :   [1m[35m (1.0ms)[0m  COMMIT
D, [2013-10-17T00:25:53.157219 #20804] DEBUG -- :   [1m[36m (1.0ms)[0m  [1mSELECT COUNT(*) FROM `users`[0m
D, [2013-10-17T00:25:53.159219 #20804] DEBUG -- :   [1m[35mUser Load (1.0ms)[0m  SELECT `users`.* FROM `users` WHERE `users`.`id` = ? LIMIT 1  [["id", 3]]
D, [2013-10-17T00:27:02.203168 #19464] DEBUG -- :   [1m[36mSQL (10.0ms)[0m  [1mBEGIN[0m
D, [2013-10-17T00:27:02.241170 #19464] DEBUG -- :   [1m[35mSQL (23.0ms)[0m  INSERT INTO `users` (`age`, `name`) VALUES (?, ?)  [["age", 10], ["name", "candy"]]
D, [2013-10-17T00:27:02.242170 #19464] DEBUG -- :   [1m[36m (0.0ms)[0m  [1mCOMMIT[0m
D, [2013-10-17T00:27:02.244170 #19464] DEBUG -- :   [1m[35m (1.0ms)[0m  SELECT COUNT(*) FROM `users`
D, [2013-10-17T00:27:02.245170 #19464] DEBUG -- :   [1m[36mUser Load (0.0ms)[0m  [1mSELECT `users`.* FROM `users` WHERE `users`.`id` = ? LIMIT 1[0m  [["id", 3]]
D, [2013-10-17T00:27:02.289173 #19464] DEBUG -- :   [1m[35mUser Load (1.0ms)[0m  SELECT `users`.* FROM `users` WHERE `users`.`name` = 'candy' LIMIT 1
D, [2013-10-17T00:28:22.486760 #21760] DEBUG -- :   [1m[36mSQL (14.0ms)[0m  [1mBEGIN[0m
D, [2013-10-17T00:28:22.523762 #21760] DEBUG -- :   [1m[35mSQL (15.0ms)[0m  INSERT INTO `users` (`age`, `name`) VALUES (?, ?)  [["age", 10], ["name", "candy"]]
D, [2013-10-17T00:28:22.523762 #21760] DEBUG -- :   [1m[36m (0.0ms)[0m  [1mCOMMIT[0m
D, [2013-10-17T00:28:22.525762 #21760] DEBUG -- :   [1m[35m (1.0ms)[0m  SELECT COUNT(*) FROM `users`
D, [2013-10-17T00:28:22.527762 #21760] DEBUG -- :   [1m[36mUser Load (1.0ms)[0m  [1mSELECT `users`.* FROM `users` WHERE `users`.`id` = ? LIMIT 1[0m  [["id", 3]]
D, [2013-10-17T00:28:22.544763 #21760] DEBUG -- :   [1m[35mUser Load (0.0ms)[0m  SELECT `users`.* FROM `users` WHERE `users`.`name` = 'candy' LIMIT 1
D, [2013-10-17T15:44:35.686607 #21268] DEBUG -- :   [1m[36mSQL (8.0ms)[0m  [1mBEGIN[0m
D, [2013-10-17T15:44:35.768611 #21268] DEBUG -- :   [1m[35mSQL (68.0ms)[0m  INSERT INTO `users` (`age`, `name`) VALUES (?, ?)  [["age", 22], ["name", "zhaoxiaoyan"]]
D, [2013-10-17T15:44:35.768611 #21268] DEBUG -- :   [1m[36m (0.0ms)[0m  [1mCOMMIT[0m
D, [2013-10-17T15:45:47.495714 #4272] DEBUG -- :   [1m[36mUser Load (33.0ms)[0m  [1mSELECT `users`.* FROM `users` WHERE `users`.`name` = 'zhaoxiaoyan' LIMIT 1[0m
D, [2013-10-17T15:47:49.792709 #24332] DEBUG -- :   [1m[36mUser Load (8.0ms)[0m  [1mSELECT `users`.* FROM `users` WHERE `users`.`name` = 'zhaoxiaoyan' LIMIT 1[0m
D, [2013-10-17T16:15:45.333544 #24212] DEBUG -- :   [1m[36mUser Load (11.0ms)[0m  [1mSELECT `users`.* FROM `users` WHERE `users`.`name` = 'zhaoxiaoyan' LIMIT 1[0m
D, [2013-11-15T13:49:14.690191 #5656] DEBUG -- :   [1m[36mUser Load (20.0ms)[0m  [1mSELECT `users`.* FROM `users` WHERE `users`.`id` = ? LIMIT 1[0m  [["id", 3]]
D, [2013-11-15T13:49:38.014525 #21776] DEBUG -- :   [1m[36mUser Load (21.0ms)[0m  [1mSELECT `users`.* FROM `users` WHERE `users`.`id` = ? LIMIT 1[0m  [["id", 3]]
D, [2013-11-15T13:46:56.964313 #11652] DEBUG -- :   [1m[36mUser Load (37.0ms)[0m  [1mSELECT `users`.* FROM `users` WHERE `users`.`id` = ? LIMIT 1[0m  [["id", 3]]
D, [2013-11-15T13:47:08.199956 #11652] DEBUG -- :   [1m[35mUser Load (1.0ms)[0m  SELECT `users`.* FROM `users` WHERE `users`.`id` = ? LIMIT 1  [["id", 3]]
D, [2013-11-15T13:47:28.756132 #11652] DEBUG -- :   [1m[36mUser Load (1.0ms)[0m  [1mSELECT `users`.* FROM `users` WHERE `users`.`id` = ? LIMIT 1[0m  [["id", 3]]
D, [2013-11-15T13:50:16.627733 #21424] DEBUG -- :   [1m[36mUser Load (20.0ms)[0m  [1mSELECT `users`.* FROM `users` WHERE `users`.`id` = ? LIMIT 1[0m  [["id", 3]]
D, [2013-11-15T13:50:22.696081 #21424] DEBUG -- :   [1m[35mUser Load (1.0ms)[0m  SELECT `users`.* FROM `users` WHERE `users`.`id` = ? LIMIT 1  [["id", 3]]
D, [2013-11-15T13:51:06.854606 #21424] DEBUG -- :   [1m[36mUser Load (1.0ms)[0m  [1mSELECT `users`.* FROM `users` WHERE `users`.`id` = ? LIMIT 1[0m  [["id", 3]]
D, [2013-11-15T13:51:06.878608 #21424] DEBUG -- :   [1m[35mUser Load (0.0ms)[0m  SELECT `users`.* FROM `users` WHERE `users`.`id` = ? LIMIT 1  [["id", 8]]
D, [2013-11-15T13:51:08.860721 #21424] DEBUG -- :   [1m[36mUser Load (1.0ms)[0m  [1mSELECT `users`.* FROM `users` WHERE `users`.`id` = ? LIMIT 1[0m  [["id", 3]]
D, [2013-11-15T13:51:08.864721 #21424] DEBUG -- :   [1m[35mUser Load (0.0ms)[0m  SELECT `users`.* FROM `users` WHERE `users`.`id` = ? LIMIT 1  [["id", 8]]
D, [2013-11-15T13:51:10.258801 #21424] DEBUG -- :   [1m[36mUser Load (1.0ms)[0m  [1mSELECT `users`.* FROM `users` WHERE `users`.`id` = ? LIMIT 1[0m  [["id", 3]]
D, [2013-11-15T13:51:10.298803 #21424] DEBUG -- :   [1m[35mUser Load (1.0ms)[0m  SELECT `users`.* FROM `users` WHERE `users`.`id` = ? LIMIT 1  [["id", 8]]
D, [2013-11-15T14:35:19.345320 #22432] DEBUG -- :   [1m[36mUser Load (27.0ms)[0m  [1mSELECT `users`.* FROM `users` WHERE `users`.`id` = ? LIMIT 1[0m  [["id", 3]]
D, [2013-11-15T14:35:26.484728 #22432] DEBUG -- :   [1m[35mUser Load (3.0ms)[0m  SELECT `users`.* FROM `users` WHERE `users`.`id` = ? LIMIT 1  [["id", 3]]
D, [2013-11-15T14:35:26.490729 #22432] DEBUG -- :   [1m[36mUser Load (1.0ms)[0m  [1mSELECT `users`.* FROM `users` WHERE `users`.`id` = ? LIMIT 1[0m  [["id", 8]]
D, [2013-11-15T14:40:00.468399 #22432] DEBUG -- :   [1m[35mUser Load (2.0ms)[0m  SELECT `users`.* FROM `users` WHERE `users`.`id` = ? LIMIT 1  [["id", 3]]
D, [2013-11-15T14:40:00.473400 #22432] DEBUG -- :   [1m[36mUser Load (1.0ms)[0m  [1mSELECT `users`.* FROM `users` WHERE `users`.`id` = ? LIMIT 1[0m  [["id", 8]]
D, [2013-11-15T14:40:21.736616 #18592] DEBUG -- :   [1m[36mUser Load (23.0ms)[0m  [1mSELECT `users`.* FROM `users` WHERE `users`.`id` = ? LIMIT 1[0m  [["id", 3]]
D, [2013-11-15T14:40:29.989088 #18592] DEBUG -- :   [1m[35mUser Load (1.0ms)[0m  SELECT `users`.* FROM `users` WHERE `users`.`id` = ? LIMIT 1  [["id", 3]]
D, [2013-11-15T14:40:29.994088 #18592] DEBUG -- :   [1m[36mUser Load (1.0ms)[0m  [1mSELECT `users`.* FROM `users` WHERE `users`.`id` = ? LIMIT 1[0m  [["id", 8]]
D, [2013-11-15T14:40:33.009261 #18592] DEBUG -- :   [1m[35mUser Load (1.0ms)[0m  SELECT `users`.* FROM `users` WHERE `users`.`id` = ? LIMIT 1  [["id", 3]]
D, [2013-11-15T14:40:33.013261 #18592] DEBUG -- :   [1m[36mUser Load (1.0ms)[0m  [1mSELECT `users`.* FROM `users` WHERE `users`.`id` = ? LIMIT 1[0m  [["id", 8]]
D, [2013-11-15T14:40:34.953372 #18592] DEBUG -- :   [1m[35mUser Load (1.0ms)[0m  SELECT `users`.* FROM `users` WHERE `users`.`id` = ? LIMIT 1  [["id", 3]]
D, [2013-11-15T14:40:34.958372 #18592] DEBUG -- :   [1m[36mUser Load (1.0ms)[0m  [1mSELECT `users`.* FROM `users` WHERE `users`.`id` = ? LIMIT 1[0m  [["id", 8]]
D, [2013-11-15T14:41:06.203159 #20568] DEBUG -- :   [1m[36mUser Load (26.0ms)[0m  [1mSELECT `users`.* FROM `users` WHERE `users`.`id` = ? LIMIT 1[0m  [["id", 3]]
D, [2013-11-15T14:41:13.878598 #20568] DEBUG -- :   [1m[35mUser Load (1.0ms)[0m  SELECT `users`.* FROM `users` WHERE `users`.`id` = ? LIMIT 1  [["id", 3]]
D, [2013-11-15T14:41:13.883598 #20568] DEBUG -- :   [1m[36mUser Load (0.0ms)[0m  [1mSELECT `users`.* FROM `users` WHERE `users`.`id` = ? LIMIT 1[0m  [["id", 8]]
D, [2013-11-15T14:41:17.296794 #20568] DEBUG -- :   [1m[35mUser Load (1.0ms)[0m  SELECT `users`.* FROM `users` WHERE `users`.`id` = ? LIMIT 1  [["id", 3]]
D, [2013-11-15T14:41:17.301794 #20568] DEBUG -- :   [1m[36mUser Load (0.0ms)[0m  [1mSELECT `users`.* FROM `users` WHERE `users`.`id` = ? LIMIT 1[0m  [["id", 8]]
D, [2013-11-15T14:41:18.604869 #20568] DEBUG -- :   [1m[35mUser Load (1.0ms)[0m  SELECT `users`.* FROM `users` WHERE `users`.`id` = ? LIMIT 1  [["id", 3]]
D, [2013-11-15T14:41:18.609869 #20568] DEBUG -- :   [1m[36mUser Load (1.0ms)[0m  [1mSELECT `users`.* FROM `users` WHERE `users`.`id` = ? LIMIT 1[0m  [["id", 8]]
D, [2013-11-15T14:41:19.615926 #20568] DEBUG -- :   [1m[35mUser Load (1.0ms)[0m  SELECT `users`.* FROM `users` WHERE `users`.`id` = ? LIMIT 1  [["id", 3]]
D, [2013-11-15T14:41:19.620927 #20568] DEBUG -- :   [1m[36mUser Load (0.0ms)[0m  [1mSELECT `users`.* FROM `users` WHERE `users`.`id` = ? LIMIT 1[0m  [["id", 8]]
D, [2013-11-15T14:59:10.610184 #14800] DEBUG -- :   [1m[36mUser Load (23.0ms)[0m  [1mSELECT `users`.* FROM `users` WHERE `users`.`id` = ? LIMIT 1[0m  [["id", 3]]
D, [2013-11-15T14:59:46.260223 #14800] DEBUG -- :   [1m[35mUser Load (1.0ms)[0m  SELECT `users`.* FROM `users` WHERE `users`.`id` = ? LIMIT 1  [["id", 3]]
D, [2013-11-15T14:59:46.265223 #14800] DEBUG -- :   [1m[36mUser Load (1.0ms)[0m  [1mSELECT `users`.* FROM `users` WHERE `users`.`id` = ? LIMIT 1[0m  [["id", 8]]
D, [2013-11-15T15:00:12.343715 #5756] DEBUG -- :   [1m[36mUser Load (20.0ms)[0m  [1mSELECT `users`.* FROM `users` WHERE `users`.`id` = ? LIMIT 1[0m  [["id", 3]]
D, [2013-11-15T15:00:48.695794 #5756] DEBUG -- :   [1m[35mUser Load (1.0ms)[0m  SELECT `users`.* FROM `users` WHERE `users`.`id` = ? LIMIT 1  [["id", 3]]
D, [2013-11-15T15:00:48.699794 #5756] DEBUG -- :   [1m[36mUser Load (1.0ms)[0m  [1mSELECT `users`.* FROM `users` WHERE `users`.`id` = ? LIMIT 1[0m  [["id", 8]]
D, [2013-11-15T15:29:25.082966 #20624] DEBUG -- :   [1m[36mUser Load (22.0ms)[0m  [1mSELECT `users`.* FROM `users` WHERE `users`.`id` = ? LIMIT 1[0m  [["id", 3]]
D, [2013-11-15T15:31:07.928848 #20624] DEBUG -- :   [1m[35mUser Load (1.0ms)[0m  SELECT `users`.* FROM `users` WHERE `users`.`id` = ? LIMIT 1  [["id", 3]]
D, [2013-11-15T15:31:07.932848 #20624] DEBUG -- :   [1m[36mUser Load (0.0ms)[0m  [1mSELECT `users`.* FROM `users` WHERE `users`.`id` = ? LIMIT 1[0m  [["id", 8]]
D, [2013-11-15T15:31:22.565685 #20624] DEBUG -- :   [1m[35mUser Load (2.0ms)[0m  SELECT `users`.* FROM `users` WHERE `users`.`id` = ? LIMIT 1  [["id", 3]]
D, [2013-11-15T15:31:22.571686 #20624] DEBUG -- :   [1m[36mUser Load (1.0ms)[0m  [1mSELECT `users`.* FROM `users` WHERE `users`.`id` = ? LIMIT 1[0m  [["id", 8]]
D, [2013-11-15T15:32:26.435338 #4160] DEBUG -- :   [1m[36mUser Load (23.0ms)[0m  [1mSELECT `users`.* FROM `users` WHERE `users`.`id` = ? LIMIT 1[0m  [["id", 3]]
D, [2013-11-15T15:32:26.454339 #4160] DEBUG -- :   [1m[35mUser Load (1.0ms)[0m  SELECT `users`.* FROM `users` WHERE `users`.`id` = ? LIMIT 1  [["id", 8]]
D, [2013-11-15T15:35:55.196279 #21248] DEBUG -- :   [1m[36mUser Load (22.0ms)[0m  [1mSELECT `users`.* FROM `users` WHERE `users`.`id` = ? LIMIT 1[0m  [["id", 3]]
D, [2013-11-15T15:35:55.215280 #21248] DEBUG -- :   [1m[35mUser Load (1.0ms)[0m  SELECT `users`.* FROM `users` WHERE `users`.`id` = ? LIMIT 1  [["id", 8]]
D, [2013-11-15T15:35:55.219280 #21248] DEBUG -- :   [1m[36mUser Load (1.0ms)[0m  [1mSELECT `users`.* FROM `users` WHERE `users`.`id` = ? LIMIT 1[0m  [["id", 3]]
D, [2013-11-15T15:37:04.078219 #18720] DEBUG -- :   [1m[36mUser Load (23.0ms)[0m  [1mSELECT `users`.* FROM `users` WHERE `users`.`id` = ? LIMIT 1[0m  [["id", 3]]
D, [2013-11-15T15:37:04.097220 #18720] DEBUG -- :   [1m[35mUser Load (1.0ms)[0m  SELECT `users`.* FROM `users` WHERE `users`.`id` = ? LIMIT 1  [["id", 8]]
D, [2013-11-15T15:37:04.123221 #18720] DEBUG -- :   [1m[36mUser Load (21.0ms)[0m  [1mSELECT `users`.* FROM `users` WHERE `users`.`id` = ? LIMIT 1[0m  [["id", 3]]
D, [2013-11-16T01:32:39.220073 #24556] DEBUG -- :   [1m[36mUser Load (475.0ms)[0m  [1mSELECT `users`.* FROM `users` WHERE `users`.`id` = ? LIMIT 1[0m  [["id", 3]]
D, [2013-11-16T01:32:39.306078 #24556] DEBUG -- :   [1m[35mUser Load (0.0ms)[0m  SELECT `users`.* FROM `users` WHERE `users`.`id` = ? LIMIT 1  [["id", 8]]
D, [2013-11-16T01:32:43.614324 #24556] DEBUG -- :   [1m[36mUser Load (1.0ms)[0m  [1mSELECT `users`.* FROM `users` WHERE `users`.`id` = ? LIMIT 1[0m  [["id", 3]]
D, [2013-11-16T01:32:43.619324 #24556] DEBUG -- :   [1m[35mUser Load (0.0ms)[0m  SELECT `users`.* FROM `users` WHERE `users`.`id` = ? LIMIT 1  [["id", 8]]
D, [2013-11-16T01:32:45.826451 #24556] DEBUG -- :   [1m[36mUser Load (1.0ms)[0m  [1mSELECT `users`.* FROM `users` WHERE `users`.`id` = ? LIMIT 1[0m  [["id", 3]]
D, [2013-11-16T01:32:45.830451 #24556] DEBUG -- :   [1m[35mUser Load (1.0ms)[0m  SELECT `users`.* FROM `users` WHERE `users`.`id` = ? LIMIT 1  [["id", 8]]
D, [2013-11-16T01:32:46.265476 #24556] DEBUG -- :   [1m[36mUser Load (2.0ms)[0m  [1mSELECT `users`.* FROM `users` WHERE `users`.`id` = ? LIMIT 1[0m  [["id", 3]]
D, [2013-11-16T01:32:46.364481 #24556] DEBUG -- :   [1m[35mUser Load (17.0ms)[0m  SELECT `users`.* FROM `users` WHERE `users`.`id` = ? LIMIT 1  [["id", 3]]
D, [2013-11-16T01:32:46.375482 #24556] DEBUG -- :   [1m[36mUser Load (7.0ms)[0m  [1mSELECT `users`.* FROM `users` WHERE `users`.`id` = ? LIMIT 1[0m  [["id", 8]]
D, [2013-11-16T01:32:46.382482 #24556] DEBUG -- :   [1m[35mUser Load (1.0ms)[0m  SELECT `users`.* FROM `users` WHERE `users`.`id` = ? LIMIT 1  [["id", 8]]
D, [2013-11-16T01:35:53.830204 #21656] DEBUG -- :   [1m[36mUser Load (25.0ms)[0m  [1mSELECT `users`.* FROM `users` WHERE `users`.`id` = ? LIMIT 1[0m  [["id", 3]]
D, [2013-11-16T01:35:53.850205 #21656] DEBUG -- :   [1m[35mUser Load (1.0ms)[0m  SELECT `users`.* FROM `users` WHERE `users`.`id` = ? LIMIT 1  [["id", 8]]
D, [2013-11-16T01:36:02.197682 #21656] DEBUG -- :   [1m[36mUser Load (1.0ms)[0m  [1mSELECT `users`.* FROM `users` WHERE `users`.`id` = ? LIMIT 1[0m  [["id", 3]]
D, [2013-11-16T01:36:02.202683 #21656] DEBUG -- :   [1m[35mUser Load (1.0ms)[0m  SELECT `users`.* FROM `users` WHERE `users`.`id` = ? LIMIT 1  [["id", 8]]
D, [2013-11-16T01:36:02.982727 #21656] DEBUG -- :   [1m[36mUser Load (1.0ms)[0m  [1mSELECT `users`.* FROM `users` WHERE `users`.`id` = ? LIMIT 1[0m  [["id", 3]]
D, [2013-11-16T01:36:03.007729 #21656] DEBUG -- :   [1m[35mUser Load (1.0ms)[0m  SELECT `users`.* FROM `users` WHERE `users`.`id` = ? LIMIT 1  [["id", 8]]
D, [2013-11-16T01:36:03.037730 #21656] DEBUG -- :   [1m[36mUser Load (1.0ms)[0m  [1mSELECT `users`.* FROM `users` WHERE `users`.`id` = ? LIMIT 1[0m  [["id", 3]]
D, [2013-11-16T01:36:03.045731 #21656] DEBUG -- :   [1m[35mUser Load (1.0ms)[0m  SELECT `users`.* FROM `users` WHERE `users`.`id` = ? LIMIT 1  [["id", 8]]
D, [2013-11-16T01:36:03.095734 #21656] DEBUG -- :   [1m[36mUser Load (1.0ms)[0m  [1mSELECT `users`.* FROM `users` WHERE `users`.`id` = ? LIMIT 1[0m  [["id", 3]]
D, [2013-11-16T01:36:03.100734 #21656] DEBUG -- :   [1m[35mUser Load (1.0ms)[0m  SELECT `users`.* FROM `users` WHERE `users`.`id` = ? LIMIT 1  [["id", 8]]
D, [2013-11-16T01:36:03.490756 #21656] DEBUG -- :   [1m[36mUser Load (2.0ms)[0m  [1mSELECT `users`.* FROM `users` WHERE `users`.`id` = ? LIMIT 1[0m  [["id", 3]]
D, [2013-11-16T01:36:03.497757 #21656] DEBUG -- :   [1m[35mUser Load (1.0ms)[0m  SELECT `users`.* FROM `users` WHERE `users`.`id` = ? LIMIT 1  [["id", 8]]
D, [2013-11-16T01:36:03.584762 #21656] DEBUG -- :   [1m[36mUser Load (1.0ms)[0m  [1mSELECT `users`.* FROM `users` WHERE `users`.`id` = ? LIMIT 1[0m  [["id", 3]]
D, [2013-11-16T01:36:03.634765 #21656] DEBUG -- :   [1m[35mUser Load (0.0ms)[0m  SELECT `users`.* FROM `users` WHERE `users`.`id` = ? LIMIT 1  [["id", 8]]
D, [2013-11-16T01:36:03.659766 #21656] DEBUG -- :   [1m[36mUser Load (1.0ms)[0m  [1mSELECT `users`.* FROM `users` WHERE `users`.`id` = ? LIMIT 1[0m  [["id", 3]]
D, [2013-11-16T01:36:03.664766 #21656] DEBUG -- :   [1m[35mUser Load (0.0ms)[0m  SELECT `users`.* FROM `users` WHERE `users`.`id` = ? LIMIT 1  [["id", 8]]
D, [2013-11-16T01:36:04.100791 #21656] DEBUG -- :   [1m[36mUser Load (1.0ms)[0m  [1mSELECT `users`.* FROM `users` WHERE `users`.`id` = ? LIMIT 1[0m  [["id", 3]]
D, [2013-11-16T01:36:04.108792 #21656] DEBUG -- :   [1m[35mUser Load (1.0ms)[0m  SELECT `users`.* FROM `users` WHERE `users`.`id` = ? LIMIT 1  [["id", 8]]
D, [2013-11-16T01:36:04.177796 #21656] DEBUG -- :   [1m[36mUser Load (1.0ms)[0m  [1mSELECT `users`.* FROM `users` WHERE `users`.`id` = ? LIMIT 1[0m  [["id", 3]]
D, [2013-11-16T01:36:04.239799 #21656] DEBUG -- :   [1m[35mUser Load (2.0ms)[0m  SELECT `users`.* FROM `users` WHERE `users`.`id` = ? LIMIT 1  [["id", 3]]
D, [2013-11-16T01:36:04.249800 #21656] DEBUG -- :   [1m[36mUser Load (3.0ms)[0m  [1mSELECT `users`.* FROM `users` WHERE `users`.`id` = ? LIMIT 1[0m  [["id", 8]]
D, [2013-11-16T01:36:04.258800 #21656] DEBUG -- :   [1m[35mUser Load (1.0ms)[0m  SELECT `users`.* FROM `users` WHERE `users`.`id` = ? LIMIT 1  [["id", 8]]
D, [2013-11-16T01:36:04.304803 #21656] DEBUG -- :   [1m[36mUser Load (1.0ms)[0m  [1mSELECT `users`.* FROM `users` WHERE `users`.`id` = ? LIMIT 1[0m  [["id", 3]]
D, [2013-11-16T01:36:04.311803 #21656] DEBUG -- :   [1m[35mUser Load (1.0ms)[0m  SELECT `users`.* FROM `users` WHERE `users`.`id` = ? LIMIT 1  [["id", 8]]
D, [2013-11-16T01:36:04.683825 #21656] DEBUG -- :   [1m[36mUser Load (1.0ms)[0m  [1mSELECT `users`.* FROM `users` WHERE `users`.`id` = ? LIMIT 1[0m  [["id", 3]]
D, [2013-11-16T01:36:04.688825 #21656] DEBUG -- :   [1m[35mUser Load (1.0ms)[0m  SELECT `users`.* FROM `users` WHERE `users`.`id` = ? LIMIT 1  [["id", 8]]
D, [2013-11-16T01:36:04.722827 #21656] DEBUG -- :   [1m[36mUser Load (1.0ms)[0m  [1mSELECT `users`.* FROM `users` WHERE `users`.`id` = ? LIMIT 1[0m  [["id", 3]]
D, [2013-11-16T01:36:04.727827 #21656] DEBUG -- :   [1m[35mUser Load (1.0ms)[0m  SELECT `users`.* FROM `users` WHERE `users`.`id` = ? LIMIT 1  [["id", 8]]
D, [2013-11-16T01:36:04.901837 #21656] DEBUG -- :   [1m[36mUser Load (1.0ms)[0m  [1mSELECT `users`.* FROM `users` WHERE `users`.`id` = ? LIMIT 1[0m  [["id", 3]]
D, [2013-11-16T01:36:04.906837 #21656] DEBUG -- :   [1m[35mUser Load (0.0ms)[0m  SELECT `users`.* FROM `users` WHERE `users`.`id` = ? LIMIT 1  [["id", 8]]
D, [2013-11-16T01:36:07.869007 #21656] DEBUG -- :   [1m[36mUser Load (1.0ms)[0m  [1mSELECT `users`.* FROM `users` WHERE `users`.`id` = ? LIMIT 1[0m  [["id", 3]]
D, [2013-11-16T01:36:07.873007 #21656] DEBUG -- :   [1m[35mUser Load (1.0ms)[0m  SELECT `users`.* FROM `users` WHERE `users`.`id` = ? LIMIT 1  [["id", 8]]
D, [2013-11-16T01:36:08.606049 #21656] DEBUG -- :   [1m[36mUser Load (1.0ms)[0m  [1mSELECT `users`.* FROM `users` WHERE `users`.`id` = ? LIMIT 1[0m  [["id", 3]]
D, [2013-11-16T01:36:08.613049 #21656] DEBUG -- :   [1m[35mUser Load (1.0ms)[0m  SELECT `users`.* FROM `users` WHERE `users`.`id` = ? LIMIT 1  [["id", 8]]
D, [2013-11-16T01:36:08.678053 #21656] DEBUG -- :   [1m[36mUser Load (1.0ms)[0m  [1mSELECT `users`.* FROM `users` WHERE `users`.`id` = ? LIMIT 1[0m  [["id", 3]]
D, [2013-11-16T01:36:08.683053 #21656] DEBUG -- :   [1m[35mUser Load (1.0ms)[0m  SELECT `users`.* FROM `users` WHERE `users`.`id` = ? LIMIT 1  [["id", 8]]
D, [2013-11-16T01:36:08.737056 #21656] DEBUG -- :   [1m[36mUser Load (1.0ms)[0m  [1mSELECT `users`.* FROM `users` WHERE `users`.`id` = ? LIMIT 1[0m  [["id", 3]]
D, [2013-11-16T01:36:08.742057 #21656] DEBUG -- :   [1m[35mUser Load (1.0ms)[0m  SELECT `users`.* FROM `users` WHERE `users`.`id` = ? LIMIT 1  [["id", 8]]
D, [2013-11-16T01:36:09.406095 #21656] DEBUG -- :   [1m[36mUser Load (1.0ms)[0m  [1mSELECT `users`.* FROM `users` WHERE `users`.`id` = ? LIMIT 1[0m  [["id", 3]]
D, [2013-11-16T01:36:09.412095 #21656] DEBUG -- :   [1m[35mUser Load (1.0ms)[0m  SELECT `users`.* FROM `users` WHERE `users`.`id` = ? LIMIT 1  [["id", 8]]
D, [2013-11-16T01:36:09.418095 #21656] DEBUG -- :   [1m[36mUser Load (1.0ms)[0m  [1mSELECT `users`.* FROM `users` WHERE `users`.`id` = ? LIMIT 1[0m  [["id", 3]]
D, [2013-11-16T01:36:09.423096 #21656] DEBUG -- :   [1m[35mUser Load (1.0ms)[0m  SELECT `users`.* FROM `users` WHERE `users`.`id` = ? LIMIT 1  [["id", 8]]
D, [2013-11-16T01:36:09.469098 #21656] DEBUG -- :   [1m[36mUser Load (1.0ms)[0m  [1mSELECT `users`.* FROM `users` WHERE `users`.`id` = ? LIMIT 1[0m  [["id", 3]]
D, [2013-11-16T01:36:09.474099 #21656] DEBUG -- :   [1m[35mUser Load (1.0ms)[0m  SELECT `users`.* FROM `users` WHERE `users`.`id` = ? LIMIT 1  [["id", 8]]
D, [2013-11-16T01:36:12.417267 #21656] DEBUG -- :   [1m[36mUser Load (1.0ms)[0m  [1mSELECT `users`.* FROM `users` WHERE `users`.`id` = ? LIMIT 1[0m  [["id", 3]]
D, [2013-11-16T01:36:12.422267 #21656] DEBUG -- :   [1m[35mUser Load (1.0ms)[0m  SELECT `users`.* FROM `users` WHERE `users`.`id` = ? LIMIT 1  [["id", 8]]
D, [2013-11-16T01:36:13.062304 #21656] DEBUG -- :   [1m[36mUser Load (1.0ms)[0m  [1mSELECT `users`.* FROM `users` WHERE `users`.`id` = ? LIMIT 1[0m  [["id", 3]]
D, [2013-11-16T01:36:13.068304 #21656] DEBUG -- :   [1m[35mUser Load (1.0ms)[0m  SELECT `users`.* FROM `users` WHERE `users`.`id` = ? LIMIT 1  [["id", 8]]
D, [2013-11-16T01:36:13.097306 #21656] DEBUG -- :   [1m[36mUser Load (1.0ms)[0m  [1mSELECT `users`.* FROM `users` WHERE `users`.`id` = ? LIMIT 1[0m  [["id", 3]]
D, [2013-11-16T01:36:13.102306 #21656] DEBUG -- :   [1m[35mUser Load (1.0ms)[0m  SELECT `users`.* FROM `users` WHERE `users`.`id` = ? LIMIT 1  [["id", 8]]
D, [2013-11-16T01:36:13.415324 #21656] DEBUG -- :   [1m[36mUser Load (1.0ms)[0m  [1mSELECT `users`.* FROM `users` WHERE `users`.`id` = ? LIMIT 1[0m  [["id", 3]]
D, [2013-11-16T01:36:13.422324 #21656] DEBUG -- :   [1m[35mUser Load (1.0ms)[0m  SELECT `users`.* FROM `users` WHERE `users`.`id` = ? LIMIT 1  [["id", 8]]
D, [2013-11-16T01:36:13.478328 #21656] DEBUG -- :   [1m[36mUser Load (1.0ms)[0m  [1mSELECT `users`.* FROM `users` WHERE `users`.`id` = ? LIMIT 1[0m  [["id", 3]]
D, [2013-11-16T01:36:13.487328 #21656] DEBUG -- :   [1m[35mUser Load (1.0ms)[0m  SELECT `users`.* FROM `users` WHERE `users`.`id` = ? LIMIT 1  [["id", 8]]
D, [2013-11-16T01:36:13.531331 #21656] DEBUG -- :   [1m[36mUser Load (5.0ms)[0m  [1mSELECT `users`.* FROM `users` WHERE `users`.`id` = ? LIMIT 1[0m  [["id", 3]]
D, [2013-11-16T01:36:13.538331 #21656] DEBUG -- :   [1m[35mUser Load (0.0ms)[0m  SELECT `users`.* FROM `users` WHERE `users`.`id` = ? LIMIT 1  [["id", 8]]
D, [2013-11-16T01:36:13.823347 #21656] DEBUG -- :   [1m[36mUser Load (1.0ms)[0m  [1mSELECT `users`.* FROM `users` WHERE `users`.`id` = ? LIMIT 1[0m  [["id", 3]]
D, [2013-11-16T01:36:13.828348 #21656] DEBUG -- :   [1m[35mUser Load (0.0ms)[0m  SELECT `users`.* FROM `users` WHERE `users`.`id` = ? LIMIT 1  [["id", 8]]
D, [2013-11-16T01:36:14.157366 #21656] DEBUG -- :   [1m[36mUser Load (3.0ms)[0m  [1mSELECT `users`.* FROM `users` WHERE `users`.`id` = ? LIMIT 1[0m  [["id", 3]]
D, [2013-11-16T01:36:14.162367 #21656] DEBUG -- :   [1m[35mUser Load (1.0ms)[0m  SELECT `users`.* FROM `users` WHERE `users`.`id` = ? LIMIT 1  [["id", 8]]
D, [2013-11-16T01:36:14.938411 #21656] DEBUG -- :   [1m[36mUser Load (1.0ms)[0m  [1mSELECT `users`.* FROM `users` WHERE `users`.`id` = ? LIMIT 1[0m  [["id", 3]]
D, [2013-11-16T01:36:14.945412 #21656] DEBUG -- :   [1m[35mUser Load (1.0ms)[0m  SELECT `users`.* FROM `users` WHERE `users`.`id` = ? LIMIT 1  [["id", 8]]
D, [2013-11-16T01:36:14.953412 #21656] DEBUG -- :   [1m[36mUser Load (1.0ms)[0m  [1mSELECT `users`.* FROM `users` WHERE `users`.`id` = ? LIMIT 1[0m  [["id", 3]]
D, [2013-11-16T01:36:14.961412 #21656] DEBUG -- :   [1m[35mUser Load (1.0ms)[0m  SELECT `users`.* FROM `users` WHERE `users`.`id` = ? LIMIT 1  [["id", 8]]
D, [2013-11-16T01:36:15.084419 #21656] DEBUG -- :   [1m[36mUser Load (119.0ms)[0m  [1mSELECT `users`.* FROM `users` WHERE `users`.`id` = ? LIMIT 1[0m  [["id", 3]]
D, [2013-11-16T01:36:15.116421 #21656] DEBUG -- :   [1m[35mUser Load (1.0ms)[0m  SELECT `users`.* FROM `users` WHERE `users`.`id` = ? LIMIT 1  [["id", 8]]
D, [2013-11-16T01:36:15.120422 #21656] DEBUG -- :   [1m[36mUser Load (1.0ms)[0m  [1mSELECT `users`.* FROM `users` WHERE `users`.`id` = ? LIMIT 1[0m  [["id", 3]]
D, [2013-11-16T01:36:15.136422 #21656] DEBUG -- :   [1m[35mUser Load (11.0ms)[0m  SELECT `users`.* FROM `users` WHERE `users`.`id` = ? LIMIT 1  [["id", 8]]
D, [2013-11-16T01:36:15.506444 #21656] DEBUG -- :   [1m[36mUser Load (1.0ms)[0m  [1mSELECT `users`.* FROM `users` WHERE `users`.`id` = ? LIMIT 1[0m  [["id", 3]]
D, [2013-11-16T01:36:15.531445 #21656] DEBUG -- :   [1m[35mUser Load (21.0ms)[0m  SELECT `users`.* FROM `users` WHERE `users`.`id` = ? LIMIT 1  [["id", 8]]
D, [2013-11-16T01:36:15.539446 #21656] DEBUG -- :   [1m[36mUser Load (2.0ms)[0m  [1mSELECT `users`.* FROM `users` WHERE `users`.`id` = ? LIMIT 1[0m  [["id", 3]]
D, [2013-11-16T01:36:15.546446 #21656] DEBUG -- :   [1m[35mUser Load (1.0ms)[0m  SELECT `users`.* FROM `users` WHERE `users`.`id` = ? LIMIT 1  [["id", 8]]
D, [2013-11-16T01:36:15.865464 #21656] DEBUG -- :   [1m[36mUser Load (1.0ms)[0m  [1mSELECT `users`.* FROM `users` WHERE `users`.`id` = ? LIMIT 1[0m  [["id", 3]]
D, [2013-11-16T01:36:15.869464 #21656] DEBUG -- :   [1m[35mUser Load (1.0ms)[0m  SELECT `users`.* FROM `users` WHERE `users`.`id` = ? LIMIT 1  [["id", 8]]
D, [2013-11-16T01:36:16.158481 #21656] DEBUG -- :   [1m[36mUser Load (1.0ms)[0m  [1mSELECT `users`.* FROM `users` WHERE `users`.`id` = ? LIMIT 1[0m  [["id", 3]]
D, [2013-11-16T01:36:16.163481 #21656] DEBUG -- :   [1m[35mUser Load (0.0ms)[0m  SELECT `users`.* FROM `users` WHERE `users`.`id` = ? LIMIT 1  [["id", 8]]
D, [2013-11-16T01:36:26.008044 #21656] DEBUG -- :   [1m[36mUser Load (1.0ms)[0m  [1mSELECT `users`.* FROM `users` WHERE `users`.`id` = ? LIMIT 1[0m  [["id", 3]]
D, [2013-11-16T01:36:26.013045 #21656] DEBUG -- :   [1m[35mUser Load (1.0ms)[0m  SELECT `users`.* FROM `users` WHERE `users`.`id` = ? LIMIT 1  [["id", 8]]
D, [2013-11-16T01:36:29.451241 #21656] DEBUG -- :   [1m[36mUser Load (1.0ms)[0m  [1mSELECT `users`.* FROM `users` WHERE `users`.`id` = ? LIMIT 1[0m  [["id", 3]]
D, [2013-11-16T01:36:29.457242 #21656] DEBUG -- :   [1m[35mUser Load (1.0ms)[0m  SELECT `users`.* FROM `users` WHERE `users`.`id` = ? LIMIT 1  [["id", 8]]
D, [2013-11-16T01:36:30.400296 #21656] DEBUG -- :   [1m[36mUser Load (1.0ms)[0m  [1mSELECT `users`.* FROM `users` WHERE `users`.`id` = ? LIMIT 1[0m  [["id", 3]]
D, [2013-11-16T01:36:30.405296 #21656] DEBUG -- :   [1m[35mUser Load (1.0ms)[0m  SELECT `users`.* FROM `users` WHERE `users`.`id` = ? LIMIT 1  [["id", 8]]
D, [2013-11-16T01:36:30.843321 #21656] DEBUG -- :   [1m[36mUser Load (1.0ms)[0m  [1mSELECT `users`.* FROM `users` WHERE `users`.`id` = ? LIMIT 1[0m  [["id", 3]]
D, [2013-11-16T01:36:30.849321 #21656] DEBUG -- :   [1m[35mUser Load (2.0ms)[0m  SELECT `users`.* FROM `users` WHERE `users`.`id` = ? LIMIT 1  [["id", 8]]
D, [2013-11-16T01:36:31.168339 #21656] DEBUG -- :   [1m[36mUser Load (0.0ms)[0m  [1mSELECT `users`.* FROM `users` WHERE `users`.`id` = ? LIMIT 1[0m  [["id", 3]]
D, [2013-11-16T01:36:31.173340 #21656] DEBUG -- :   [1m[35mUser Load (1.0ms)[0m  SELECT `users`.* FROM `users` WHERE `users`.`id` = ? LIMIT 1  [["id", 8]]
D, [2013-11-16T01:36:31.505359 #21656] DEBUG -- :   [1m[36mUser Load (1.0ms)[0m  [1mSELECT `users`.* FROM `users` WHERE `users`.`id` = ? LIMIT 1[0m  [["id", 3]]
D, [2013-11-16T01:36:31.511359 #21656] DEBUG -- :   [1m[35mUser Load (1.0ms)[0m  SELECT `users`.* FROM `users` WHERE `users`.`id` = ? LIMIT 1  [["id", 8]]
D, [2013-11-16T01:36:31.525360 #21656] DEBUG -- :   [1m[36mUser Load (1.0ms)[0m  [1mSELECT `users`.* FROM `users` WHERE `users`.`id` = ? LIMIT 1[0m  [["id", 3]]
D, [2013-11-16T01:36:31.532360 #21656] DEBUG -- :   [1m[35mUser Load (2.0ms)[0m  SELECT `users`.* FROM `users` WHERE `users`.`id` = ? LIMIT 1  [["id", 8]]
D, [2013-11-16T01:36:31.849378 #21656] DEBUG -- :   [1m[36mUser Load (1.0ms)[0m  [1mSELECT `users`.* FROM `users` WHERE `users`.`id` = ? LIMIT 1[0m  [["id", 3]]
D, [2013-11-16T01:36:31.860379 #21656] DEBUG -- :   [1m[35mUser Load (7.0ms)[0m  SELECT `users`.* FROM `users` WHERE `users`.`id` = ? LIMIT 1  [["id", 8]]
D, [2013-11-16T01:36:33.931497 #21656] DEBUG -- :   [1m[36mUser Load (2.0ms)[0m  [1mSELECT `users`.* FROM `users` WHERE `users`.`id` = ? LIMIT 1[0m  [["id", 3]]
D, [2013-11-16T01:36:33.936498 #21656] DEBUG -- :   [1m[35mUser Load (1.0ms)[0m  SELECT `users`.* FROM `users` WHERE `users`.`id` = ? LIMIT 1  [["id", 8]]
D, [2013-11-16T01:36:34.661539 #21656] DEBUG -- :   [1m[36mUser Load (0.0ms)[0m  [1mSELECT `users`.* FROM `users` WHERE `users`.`id` = ? LIMIT 1[0m  [["id", 3]]
D, [2013-11-16T01:36:34.666540 #21656] DEBUG -- :   [1m[35mUser Load (1.0ms)[0m  SELECT `users`.* FROM `users` WHERE `users`.`id` = ? LIMIT 1  [["id", 8]]
D, [2013-11-16T01:36:34.707542 #21656] DEBUG -- :   [1m[36mUser Load (1.0ms)[0m  [1mSELECT `users`.* FROM `users` WHERE `users`.`id` = ? LIMIT 1[0m  [["id", 3]]
D, [2013-11-16T01:36:34.711542 #21656] DEBUG -- :   [1m[35mUser Load (1.0ms)[0m  SELECT `users`.* FROM `users` WHERE `users`.`id` = ? LIMIT 1  [["id", 8]]
D, [2013-11-16T01:36:34.855550 #21656] DEBUG -- :   [1m[36mUser Load (2.0ms)[0m  [1mSELECT `users`.* FROM `users` WHERE `users`.`id` = ? LIMIT 1[0m  [["id", 3]]
D, [2013-11-16T01:36:34.860551 #21656] DEBUG -- :   [1m[35mUser Load (1.0ms)[0m  SELECT `users`.* FROM `users` WHERE `users`.`id` = ? LIMIT 1  [["id", 8]]
D, [2013-11-16T01:36:35.239572 #21656] DEBUG -- :   [1m[36mUser Load (1.0ms)[0m  [1mSELECT `users`.* FROM `users` WHERE `users`.`id` = ? LIMIT 1[0m  [["id", 3]]
D, [2013-11-16T01:36:35.246573 #21656] DEBUG -- :   [1m[35mUser Load (2.0ms)[0m  SELECT `users`.* FROM `users` WHERE `users`.`id` = ? LIMIT 1  [["id", 8]]
D, [2013-11-16T01:36:35.276574 #21656] DEBUG -- :   [1m[36mUser Load (1.0ms)[0m  [1mSELECT `users`.* FROM `users` WHERE `users`.`id` = ? LIMIT 1[0m  [["id", 3]]
D, [2013-11-16T01:36:35.283575 #21656] DEBUG -- :   [1m[35mUser Load (2.0ms)[0m  SELECT `users`.* FROM `users` WHERE `users`.`id` = ? LIMIT 1  [["id", 8]]
D, [2013-11-16T10:42:24.042419 #13436] DEBUG -- :   [1m[36mUser Load (268.0ms)[0m  [1mSELECT `users`.* FROM `users` WHERE `users`.`id` = ? LIMIT 1[0m  [["id", 3]]
D, [2013-11-16T10:42:24.093422 #13436] DEBUG -- :   [1m[35mUser Load (33.0ms)[0m  SELECT `users`.* FROM `users` WHERE `users`.`id` = ? LIMIT 1  [["id", 8]]
D, [2013-11-16T10:44:33.241809 #3520] DEBUG -- :   [1m[36mUser Load (22.0ms)[0m  [1mSELECT `users`.* FROM `users` WHERE `users`.`id` = ? LIMIT 1[0m  [["id", 3]]
D, [2013-11-16T10:44:33.262810 #3520] DEBUG -- :   [1m[35mUser Load (1.0ms)[0m  SELECT `users`.* FROM `users` WHERE `users`.`id` = ? LIMIT 1  [["id", 8]]
D, [2013-11-16T10:45:11.323987 #10684] DEBUG -- :   [1m[36mUser Load (23.0ms)[0m  [1mSELECT `users`.* FROM `users` WHERE `users`.`id` = ? LIMIT 1[0m  [["id", 3]]
D, [2013-11-16T10:45:11.344988 #10684] DEBUG -- :   [1m[35mUser Load (3.0ms)[0m  SELECT `users`.* FROM `users` WHERE `users`.`id` = ? LIMIT 1  [["id", 8]]
D, [2013-11-16T23:45:04.325984 #22460] DEBUG -- :   [1m[36mUser Load (1181.1ms)[0m  [1mSELECT `users`.* FROM `users` WHERE `users`.`id` = ? LIMIT 1[0m  [["id", 3]]
D, [2013-11-16T23:45:04.424990 #22460] DEBUG -- :   [1m[35mUser Load (59.0ms)[0m  SELECT `users`.* FROM `users` WHERE `users`.`id` = ? LIMIT 1  [["id", 8]]
D, [2013-11-16T23:45:05.278038 #22460] DEBUG -- :   [1m[36mUser Load (93.0ms)[0m  [1mSELECT `users`.* FROM `users` WHERE `users`.`id` = ? LIMIT 1[0m  [["id", 3]]
D, [2013-11-16T23:45:05.283039 #22460] DEBUG -- :   [1m[35mUser Load (1.0ms)[0m  SELECT `users`.* FROM `users` WHERE `users`.`id` = ? LIMIT 1  [["id", 8]]
D, [2013-11-17T00:52:06.460037 #15544] DEBUG -- :   [1m[36mUser Load (26.0ms)[0m  [1mSELECT `users`.* FROM `users` WHERE `users`.`id` = ? LIMIT 1[0m  [["id", 3]]
D, [2013-11-17T00:52:06.477038 #15544] DEBUG -- :   [1m[35mUser Load (1.0ms)[0m  SELECT `users`.* FROM `users` WHERE `users`.`id` = ? LIMIT 1  [["id", 8]]
